<?xml version="1.0" encoding="UTF-8"?>
<!-- Generated by org.testng.reporters.JUnitXMLReporter -->
<testsuite ignored="0" hostname="DESKTOP-2NSIB7R" failures="0" tests="1" name="Test-RunnerChrome2" time="70.927" errors="0" timestamp="2023-04-20T22:48:50 IST">
  <testcase classname="vTiger.ContactsTests.CreateContactsWithOrganisationTest" name="createContactWithOrgTest" time="49.284"/>
</testsuite> <!-- Test-RunnerChrome2 -->
