<?xml version="1.0" encoding="UTF-8"?>
<!-- Generated by org.testng.reporters.JUnitReportReporter -->
<testsuite hostname="DESKTOP-2NSIB7R" failures="0" tests="1" name="vTigerPratice.CalenderPopUp" time="128.333" errors="0" timestamp="2023-05-09T11:45:25 IST" skipped="0">
  <testcase classname="vTigerPratice.CalenderPopUp" name="selectFutureDate" time="128.333"/>
  <system-out/>
</testsuite> <!-- vTigerPratice.CalenderPopUp -->
