<?xml version="1.0" encoding="UTF-8"?>
<!-- Generated by org.testng.reporters.JUnitReportReporter -->
<testsuite hostname="DESKTOP-2NSIB7R" failures="0" tests="1" name="vTigerPratice.DemoForDebug" time="0.011" errors="0" timestamp="2023-05-20T10:19:38 IST" skipped="0">
  <testcase classname="vTigerPratice.DemoForDebug" name="tc1" time="0.011"/>
  <system-out/>
</testsuite> <!-- vTigerPratice.DemoForDebug -->
