<?xml version="1.0" encoding="UTF-8"?>
<!-- Generated by org.testng.reporters.JUnitReportReporter -->
<testsuite hostname="DESKTOP-2NSIB7R" failures="0" tests="1" name="vTiger.ContactsTests.CreateContactsWithOrganisationTest" time="28.812" errors="0" timestamp="2023-04-26T10:29:14 IST" skipped="0">
  <testcase classname="vTiger.ContactsTests.CreateContactsWithOrganisationTest" name="createContactWithOrgTest" time="28.812"/>
  <system-out/>
</testsuite> <!-- vTiger.ContactsTests.CreateContactsWithOrganisationTest -->
