<?xml version="1.0" encoding="UTF-8"?>
<!-- Generated by org.testng.reporters.JUnitReportReporter -->
<testsuite hostname="DESKTOP-2NSIB7R" failures="0" tests="1" name="vTigerPratice.DebuggingPratice" time="0.010" errors="0" timestamp="2023-05-07T17:39:28 IST" skipped="0">
  <testcase classname="vTigerPratice.DebuggingPratice" name="test" time="0.010"/>
  <system-out/>
</testsuite> <!-- vTigerPratice.DebuggingPratice -->
