<?xml version="1.0" encoding="UTF-8"?>
<!-- Generated by org.testng.reporters.JUnitReportReporter -->
<testsuite hostname="DESKTOP-2NSIB7R" failures="0" tests="1" name="vTigerPratice.ReadDataFromCmdLine" time="0.013" errors="0" timestamp="2023-05-19T17:35:13 IST" skipped="0">
  <testcase classname="vTigerPratice.ReadDataFromCmdLine" name="readData" time="0.013"/>
  <system-out/>
</testsuite> <!-- vTigerPratice.ReadDataFromCmdLine -->
