<?xml version="1.0" encoding="UTF-8"?>
<!-- Generated by org.testng.reporters.JUnitReportReporter -->
<testsuite hostname="DESKTOP-2NSIB7R" failures="0" tests="2" name="vTiger.OrganisationTests.CreateNewOrganisationTest" time="24.235" errors="0" timestamp="2023-04-26T10:29:14 IST" skipped="0">
  <testcase classname="vTiger.OrganisationTests.CreateNewOrganisationTest" name="createNewOrgTest" time="20.030"/>
  <system-out/>
  <testcase classname="vTiger.OrganisationTests.CreateNewOrganisationTest" name="orgDemo" time="4.205"/>
  <system-out/>
</testsuite> <!-- vTiger.OrganisationTests.CreateNewOrganisationTest -->
