<?xml version="1.0" encoding="UTF-8"?>
<!-- Generated by org.testng.reporters.JUnitReportReporter -->
<testsuite hostname="DESKTOP-2NSIB7R" failures="0" tests="3" name="vTigerPratice.DataProviderPratice" time="0.011" errors="0" timestamp="2023-05-18T17:37:12 IST" skipped="0">
  <testcase classname="vTigerPratice.DataProviderPratice" name="sampleTestData" time="0.007"/>
  <system-out/>
  <testcase classname="vTigerPratice.DataProviderPratice" name="sampleTestData" time="0.002"/>
  <system-out/>
  <testcase classname="vTigerPratice.DataProviderPratice" name="sampleTestData" time="0.002"/>
  <system-out/>
</testsuite> <!-- vTigerPratice.DataProviderPratice -->
