<?xml version="1.0" encoding="UTF-8"?>
<!-- Generated by org.testng.reporters.JUnitReportReporter -->
<testsuite hostname="DESKTOP-2NSIB7R" failures="0" tests="1" name="vTigerPratice.HandlingWebTables4" time="16.935" errors="0" timestamp="2023-05-30T12:29:02 IST" skipped="0">
  <testcase classname="vTigerPratice.HandlingWebTables4" name="verfiyTable" time="16.935"/>
  <system-out/>
</testsuite> <!-- vTigerPratice.HandlingWebTables4 -->
