<?xml version="1.0" encoding="UTF-8"?>
<!-- Generated by org.testng.reporters.JUnitReportReporter -->
<testsuite hostname="DESKTOP-2NSIB7R" failures="0" tests="5" name="vTigerPratice.DataProvider1" time="0.031" errors="0" timestamp="2023-04-15T09:09:18 IST" skipped="0">
  <testcase classname="vTigerPratice.DataProvider1" name="sampleTestData" time="0.006"/>
  <system-out/>
  <testcase classname="vTigerPratice.DataProvider1" name="sampleTestData" time="0.004"/>
  <system-out/>
  <testcase classname="vTigerPratice.DataProvider1" name="sampleTestData" time="0.009"/>
  <system-out/>
  <testcase classname="vTigerPratice.DataProvider1" name="sampleTestData" time="0.005"/>
  <system-out/>
  <testcase classname="vTigerPratice.DataProvider1" name="sampleTestData" time="0.007"/>
  <system-out/>
</testsuite> <!-- vTigerPratice.DataProvider1 -->
