<?xml version="1.0" encoding="UTF-8"?>
<!-- Generated by org.testng.reporters.JUnitReportReporter -->
<testsuite hostname="DESKTOP-2NSIB7R" failures="0" tests="1" name="vTiger.OrganisationTests.CreateNewOrganisationTest" time="9.602" errors="0" timestamp="2023-05-01T20:56:30 IST" skipped="0">
  <testcase classname="vTiger.OrganisationTests.CreateNewOrganisationTest" name="orgDemo" time="9.602"/>
  <system-out/>
</testsuite> <!-- vTiger.OrganisationTests.CreateNewOrganisationTest -->
